

HI-TECH Software PIC LITE Macro Assembler V9.83 build 10920 
                                                                                               Wed Oct 24 23:45:46 2018

HI-TECH Software Omniscient Code Generator (Lite mode) build 10920
     1  0000                     opt subtitle "HI-TECH Software Omniscient Code Generator (Lite mode) build 10920"
     2                           
     3                           opt pagewidth 120
     4                           
     5                           	opt lm
     6                           
     7                           	processor	16F877A
     8                           clrc	macro
     9                           	bcf	3,0
    10  0000                     	endm
    11                           clrz	macro
    12                           	bcf	3,2
    13  0000                     	endm
    14                           setc	macro
    15                           	bsf	3,0
    16  0000                     	endm
    17                           setz	macro
    18                           	bsf	3,2
    19  0000                     	endm
    20                           skipc	macro
    21                           	btfss	3,0
    22  0000                     	endm
    23                           skipz	macro
    24                           	btfss	3,2
    25  0000                     	endm
    26                           skipnc	macro
    27                           	btfsc	3,0
    28  0000                     	endm
    29                           skipnz	macro
    30                           	btfsc	3,2
    31  0000                     	endm
    32  0000                     indf	equ	0
    33  0000                     indf0	equ	0
    34  0002                     pc	equ	2
    35  0002                     pcl	equ	2
    36  0003                     status	equ	3
    37  0004                     fsr	equ	4
    38  0004                     fsr0	equ	4
    39  0001                     c	equ	1
    40  0000                     z	equ	0
    41  000A                     pclath	equ	10
    42                           # 4 "E:\02-CODING\05-LYCASOFT CODING\02-CODING\10-7 SEGMENT 0-99 WITH SWITCH       XXX\C
                                 ODE\7 SEGMENT 0-99 WITH SWITCH.c"
    43                           	psect config,class=CONFIG,delta=2 ;#
    44                           # 4 "E:\02-CODING\05-LYCASOFT CODING\02-CODING\10-7 SEGMENT 0-99 WITH SWITCH       XXX\C
                                 ODE\7 SEGMENT 0-99 WITH SWITCH.c"
    45  2007  3F3A               	dw 0X3F3A ;#
    46                           	FNCALL	_main,_Segment_Runner
    47                           	FNCALL	_Segment_Runner,___awmod
    48                           	FNCALL	_Segment_Runner,___awdiv
    49                           	FNROOT	_main
    50                           	global	_Data
    51                           psect	idataBANK0,class=CODE,space=0,delta=2
    52                           global __pidataBANK0
    53  0662                     __pidataBANK0:
    54                           	file	"E:\02-CODING\05-LYCASOFT CODING\02-CODING\10-7 SEGMENT 0-99 WITH SWITCH       XXX
                                 \CODE\7 SEGMENT 0-99 WITH SWITCH.c"
    55                           	line	6
    56                           
    57                           ;initializer for _Data
    58  0662  34C0               	retlw	0C0h
    59  0663  34F9               	retlw	0F9h
    60  0664  34A4               	retlw	0A4h
    61  0665  34B0               	retlw	0B0h
    62  0666  3499               	retlw	099h
    63  0667  3492               	retlw	092h
    64  0668  3482               	retlw	082h
    65  0669  34F8               	retlw	0F8h
    66  066A  3480               	retlw	080h
    67  066B  3490               	retlw	090h
    68                           	global	_Count
    69                           	global	_PORTB
    70  0006                     _PORTB	set	6
    71                           	global	_PORTC
    72  0007                     _PORTC	set	7
    73                           	global	_CARRY
    74  0018                     _CARRY	set	24
    75                           	global	_GIE
    76  005F                     _GIE	set	95
    77                           	global	_RC0
    78  0038                     _RC0	set	56
    79                           	global	_RC1
    80  0039                     _RC1	set	57
    81                           	global	_RC2
    82  003A                     _RC2	set	58
    83                           	global	_TRISB
    84  0086                     _TRISB	set	134
    85                           	global	_TRISC
    86  0087                     _TRISC	set	135
    87                           	global	_EEADR
    88  010D                     _EEADR	set	269
    89                           	global	_EEDATA
    90  010C                     _EEDATA	set	268
    91                           	global	_EECON1
    92  018C                     _EECON1	set	396
    93                           	global	_EECON2
    94  018D                     _EECON2	set	397
    95                           	global	_RD
    96  0C60                     _RD	set	3168
    97                           	global	_WR
    98  0C61                     _WR	set	3169
    99                           	global	_WREN
   100  0C62                     _WREN	set	3170
   101                           	file	"7 SEGMENT 0-99 WITH SWITCH.as"
   102                           	line	#
   103                           psect cinit,class=CODE,delta=2
   104                           global start_initialization
   105  067F                     start_initialization:
   106                           
   107                           psect	bssBANK0,class=BANK0,space=1
   108                           global __pbssBANK0
   109  002A                     __pbssBANK0:
   110  002A                     _Count:
   111  002A                            ds      2
   112                           
   113                           psect	dataBANK0,class=BANK0,space=1
   114                           global __pdataBANK0
   115  0020                     __pdataBANK0:
   116                           	file	"E:\02-CODING\05-LYCASOFT CODING\02-CODING\10-7 SEGMENT 0-99 WITH SWITCH       XXX
                                 \CODE\7 SEGMENT 0-99 WITH SWITCH.c"
   117  0020                     _Data:
   118  0020                            ds      10
   119                           
   120                           ; Clear objects allocated to BANK0
   121                           psect cinit,class=CODE,delta=2
   122  067F  01AA               	clrf	((__pbssBANK0)+0)&07Fh
   123  0680  01AB               	clrf	((__pbssBANK0)+1)&07Fh
   124                           global btemp
   125                           psect inittext,class=CODE,delta=2
   126                           global init_fetch,btemp
   127                           ;	Called with low address in FSR and high address in W
   128  066C                     init_fetch:
   129  066C  087E               	movf btemp,w
   130  066D  008A               	movwf pclath
   131  066E  087F               	movf btemp+1,w
   132  066F  0082               	movwf pc
   133                           global init_ram
   134                           ;Called with:
   135                           ;	high address of idata address in btemp 
   136                           ;	low address of idata address in btemp+1 
   137                           ;	low address of data in FSR
   138                           ;	high address + 1 of data in btemp-1
   139  0670                     init_ram:
   140  0670  120A  118A  266C   	fcall init_fetch
              120A  118A         
   141  0675  0080               	movwf indf,f
   142  0676  0A84               	incf fsr,f
   143  0677  0804               	movf fsr,w
   144  0678  067D               	xorwf btemp-1,w
   145  0679  1903               	btfsc status,2
   146  067A  3400               	retlw 0
   147  067B  0AFF               	incf btemp+1,f
   148  067C  1903               	btfsc status,2
   149  067D  0AFE               	incf btemp,f
   150  067E  2E70               	goto init_ram
   151                           ; Initialize objects allocated to BANK0
   152                           psect cinit,class=CODE,delta=2
   153                           global init_ram, __pidataBANK0
   154  0681  1383               	bcf	status, 7	;select IRP bank0
   155  0682  302A               	movlw low(__pdataBANK0+10)
   156  0683  00FD               	movwf btemp-1,f
   157  0684  3006               	movlw high(__pidataBANK0)
   158  0685  00FE               	movwf btemp,f
   159  0686  3062               	movlw low(__pidataBANK0)
   160  0687  00FF               	movwf btemp+1,f
   161  0688  3020               	movlw low(__pdataBANK0)
   162  0689  0084               	movwf fsr,f
   163  068A  120A  118A  2670   	fcall init_ram
              120A  118A         
   164                           psect cinit,class=CODE,delta=2
   165                           global end_of_initialization
   166                           
   167                           ;End of C runtime variable initialization code
   168                           
   169  068F                     end_of_initialization:
   170  068F  0183               clrf status
   171  0690  120A  118A  2E93   ljmp _main	;jump to C main() function
   172                           psect	cstackCOMMON,class=COMMON,space=1
   173                           global __pcstackCOMMON
   174  0070                     __pcstackCOMMON:
   175                           	global	?_Segment_Runner
   176  0070                     ?_Segment_Runner:	; 0 bytes @ 0x0
   177                           	global	?_main
   178  0070                     ?_main:	; 0 bytes @ 0x0
   179                           	global	?___awdiv
   180  0070                     ?___awdiv:	; 2 bytes @ 0x0
   181                           	global	?___awmod
   182  0070                     ?___awmod:	; 2 bytes @ 0x0
   183                           	global	___awdiv@divisor
   184  0070                     ___awdiv@divisor:	; 2 bytes @ 0x0
   185                           	global	___awmod@divisor
   186  0070                     ___awmod@divisor:	; 2 bytes @ 0x0
   187  0070                     	ds	2
   188                           	global	___awdiv@dividend
   189  0072                     ___awdiv@dividend:	; 2 bytes @ 0x2
   190                           	global	___awmod@dividend
   191  0072                     ___awmod@dividend:	; 2 bytes @ 0x2
   192  0072                     	ds	2
   193                           	global	??___awdiv
   194  0074                     ??___awdiv:	; 0 bytes @ 0x4
   195                           	global	??___awmod
   196  0074                     ??___awmod:	; 0 bytes @ 0x4
   197  0074                     	ds	1
   198                           	global	___awdiv@counter
   199  0075                     ___awdiv@counter:	; 1 bytes @ 0x5
   200                           	global	___awmod@counter
   201  0075                     ___awmod@counter:	; 1 bytes @ 0x5
   202  0075                     	ds	1
   203                           	global	___awdiv@sign
   204  0076                     ___awdiv@sign:	; 1 bytes @ 0x6
   205                           	global	___awmod@sign
   206  0076                     ___awmod@sign:	; 1 bytes @ 0x6
   207  0076                     	ds	1
   208                           	global	___awdiv@quotient
   209  0077                     ___awdiv@quotient:	; 2 bytes @ 0x7
   210  0077                     	ds	2
   211                           	global	??_Segment_Runner
   212  0079                     ??_Segment_Runner:	; 0 bytes @ 0x9
   213  0079                     	ds	2
   214                           	global	Segment_Runner@Disp1_Data
   215  007B                     Segment_Runner@Disp1_Data:	; 1 bytes @ 0xB
   216  007B                     	ds	1
   217                           	global	Segment_Runner@Disp2_Data
   218  007C                     Segment_Runner@Disp2_Data:	; 1 bytes @ 0xC
   219  007C                     	ds	1
   220                           	global	??_main
   221  007D                     ??_main:	; 0 bytes @ 0xD
   222 ;;Data sizes: Strings 0, constant 0, data 10, bss 2, persistent 0 stack 0
   223 ;;Auto spaces:   Size  Autos    Used
   224 ;; COMMON          14     13      13
   225 ;; BANK0           80      0      12
   226 ;; BANK1           80      0       0
   227 ;; BANK3           96      0       0
   228 ;; BANK2           96      0       0
   229                           
   230 ;;
   231 ;; Pointer list with targets:
   232                           
   233 ;; ?___awdiv	int  size(1) Largest target is 0
   234 ;;
   235 ;; ?___awmod	int  size(1) Largest target is 0
   236 ;;
   237                           
   238                           
   239 ;;
   240 ;; Critical Paths under _main in COMMON
   241 ;;
   242 ;;   _main->_Segment_Runner
   243 ;;   _Segment_Runner->___awdiv
   244 ;;
   245 ;; Critical Paths under _main in BANK0
   246 ;;
   247 ;;   None.
   248 ;;
   249 ;; Critical Paths under _main in BANK1
   250 ;;
   251 ;;   None.
   252 ;;
   253 ;; Critical Paths under _main in BANK3
   254 ;;
   255 ;;   None.
   256 ;;
   257 ;; Critical Paths under _main in BANK2
   258 ;;
   259 ;;   None.
   260                           
   261 ;;
   262 ;;Main: autosize = 0, tempsize = 0, incstack = 0, save=0
   263 ;;
   264                           
   265 ;;
   266 ;;Call Graph Tables:
   267 ;;
   268 ;; ---------------------------------------------------------------------------------
   269 ;; (Depth) Function   	        Calls       Base Space   Used Autos Params    Refs
   270 ;; ---------------------------------------------------------------------------------
   271 ;; (0) _main                                                 0     0      0     642
   272 ;;                     _Segment_Runner
   273 ;; ---------------------------------------------------------------------------------
   274 ;; (1) _Segment_Runner                                       6     6      0     642
   275 ;;                                              9 COMMON     4     4      0
   276 ;;                            ___awmod
   277 ;;                            ___awdiv
   278 ;; ---------------------------------------------------------------------------------
   279 ;; (2) ___awmod                                              7     3      4     296
   280 ;;                                              0 COMMON     7     3      4
   281 ;; ---------------------------------------------------------------------------------
   282 ;; (2) ___awdiv                                              9     5      4     300
   283 ;;                                              0 COMMON     9     5      4
   284 ;; ---------------------------------------------------------------------------------
   285 ;; Estimated maximum stack depth 2
   286 ;; ---------------------------------------------------------------------------------
   287                           
   288 ;; Call Graph Graphs:
   289                           
   290 ;; _main (ROOT)
   291 ;;   _Segment_Runner
   292 ;;     ___awmod
   293 ;;     ___awdiv
   294 ;;
   295                           
   296 ;; Address spaces:
   297                           
   298 ;;Name               Size   Autos  Total    Cost      Usage
   299 ;;BANK3               60      0       0       9        0.0%
   300 ;;BITBANK3            60      0       0       8        0.0%
   301 ;;SFR3                 0      0       0       4        0.0%
   302 ;;BITSFR3              0      0       0       4        0.0%
   303 ;;BANK2               60      0       0      11        0.0%
   304 ;;BITBANK2            60      0       0      10        0.0%
   305 ;;SFR2                 0      0       0       5        0.0%
   306 ;;BITSFR2              0      0       0       5        0.0%
   307 ;;SFR1                 0      0       0       2        0.0%
   308 ;;BITSFR1              0      0       0       2        0.0%
   309 ;;BANK1               50      0       0       7        0.0%
   310 ;;BITBANK1            50      0       0       6        0.0%
   311 ;;CODE                 0      0       0       0        0.0%
   312 ;;DATA                 0      0      1B      12        0.0%
   313 ;;ABS                  0      0      19       3        0.0%
   314 ;;NULL                 0      0       0       0        0.0%
   315 ;;STACK                0      0       2       2        0.0%
   316 ;;BANK0               50      0       C       5       15.0%
   317 ;;BITBANK0            50      0       0       4        0.0%
   318 ;;SFR0                 0      0       0       1        0.0%
   319 ;;BITSFR0              0      0       0       1        0.0%
   320 ;;COMMON               E      D       D       1       92.9%
   321 ;;BITCOMMON            E      0       0       0        0.0%
   322 ;;EEDATA             100      0       0       0        0.0%
   323                           
   324                           	global	_main
   325                           psect	maintext,global,class=CODE,delta=2
   326                           global __pmaintext
   327  0693                     __pmaintext:
   328                           
   329 ;; *************** function _main *****************
   330 ;; Defined at:
   331 ;;		line 38 in file "E:\02-CODING\05-LYCASOFT CODING\02-CODING\10-7 SEGMENT 0-99 WITH SWITCH       XXX\CODE\7 SEGMENT 0-
       99 WITH SWITCH.c"
   332 ;; Parameters:    Size  Location     Type
   333 ;;		None
   334 ;; Auto vars:     Size  Location     Type
   335 ;;		None
   336 ;; Return value:  Size  Location     Type
   337 ;;		None               void
   338 ;; Registers used:
   339 ;;		wreg, fsr0l, fsr0h, status,2, status,0, btemp+1, pclath, cstack
   340 ;; Tracked objects:
   341 ;;		On entry : 17F/0
   342 ;;		On exit  : 0/0
   343 ;;		Unchanged: 0/0
   344 ;; Data sizes:     COMMON   BANK0   BANK1   BANK3   BANK2
   345 ;;      Params:         0       0       0       0       0
   346 ;;      Locals:         0       0       0       0       0
   347 ;;      Temps:          0       0       0       0       0
   348 ;;      Totals:         0       0       0       0       0
   349 ;;Total ram usage:        0 bytes
   350 ;; Hardware stack levels required when called:    2
   351 ;; This function calls:
   352 ;;		_Segment_Runner
   353 ;; This function is called by:
   354 ;;		Startup code after reset
   355 ;; This function uses a non-reentrant model
   356 ;;
   357                           psect	maintext
   358                           	file	"E:\02-CODING\05-LYCASOFT CODING\02-CODING\10-7 SEGMENT 0-99 WITH SWITCH       XXX
                                 \CODE\7 SEGMENT 0-99 WITH SWITCH.c"
   359                           	line	38
   360                           	global	__size_of_main
   361  0040                     	__size_of_main	equ	__end_of_main-_main
   362                           	
   363  0693                     _main:	
   364                           	opt	stack 6
   365                           ; Regs used in _main: [wreg-fsr0h+status,2+status,0+btemp+1+pclath+cstack]
   366                           	line	39
   367                           	
   368  0693                     l2769:	
   369                           ;7 SEGMENT 0-99 WITH SWITCH.c: 39: TRISB=0X00;
   370  0693  1683               	bsf	status, 5	;RP0=1, select bank1
   371  0694  1303               	bcf	status, 6	;RP1=0, select bank1
   372  0695  0186               	clrf	(134)^080h	;volatile
   373                           	line	40
   374                           ;7 SEGMENT 0-99 WITH SWITCH.c: 40: PORTB=0X00;
   375  0696  1283               	bcf	status, 5	;RP0=0, select bank0
   376  0697  1303               	bcf	status, 6	;RP1=0, select bank0
   377  0698  0186               	clrf	(6)	;volatile
   378                           	line	41
   379                           	
   380  0699                     l2771:	
   381                           ;7 SEGMENT 0-99 WITH SWITCH.c: 41: TRISC=0X04;
   382  0699  3004               	movlw	(04h)
   383  069A  1683               	bsf	status, 5	;RP0=1, select bank1
   384  069B  1303               	bcf	status, 6	;RP1=0, select bank1
   385  069C  0087               	movwf	(135)^080h	;volatile
   386                           	line	42
   387                           	
   388  069D                     l2773:	
   389                           ;7 SEGMENT 0-99 WITH SWITCH.c: 42: PORTC=0X00;
   390  069D  1283               	bcf	status, 5	;RP0=0, select bank0
   391  069E  1303               	bcf	status, 6	;RP1=0, select bank0
   392  069F  0187               	clrf	(7)	;volatile
   393  06A0  2EC2               	goto	l695
   394                           	line	44
   395                           ;7 SEGMENT 0-99 WITH SWITCH.c: 44: while(1)
   396                           	
   397  06A1                     l694:	
   398                           	line	46
   399                           ;7 SEGMENT 0-99 WITH SWITCH.c: 45: {
   400                           ;7 SEGMENT 0-99 WITH SWITCH.c: 46: while(RC2==1)
   401  06A1  2EC2               	goto	l695
   402                           	
   403  06A2                     l696:	
   404                           	line	48
   405                           	
   406  06A2                     l2775:	
   407                           ;7 SEGMENT 0-99 WITH SWITCH.c: 47: {
   408                           ;7 SEGMENT 0-99 WITH SWITCH.c: 48: Count++;
   409  06A2  3001               	movlw	low(01h)
   410  06A3  07AA               	addwf	(_Count),f
   411  06A4  1803               	skipnc
   412  06A5  0AAB               	incf	(_Count+1),f
   413  06A6  3000               	movlw	high(01h)
   414  06A7  07AB               	addwf	(_Count+1),f
   415                           	line	49
   416                           	
   417  06A8                     l2777:	
   418                           ;7 SEGMENT 0-99 WITH SWITCH.c: 49: if(Count>=100)
   419  06A8  082B               	movf	(_Count+1),w
   420  06A9  3A80               	xorlw	80h
   421  06AA  00FF               	movwf	btemp+1
   422  06AB  3080               	movlw	(high(064h))^80h
   423  06AC  027F               	subwf	btemp+1,w
   424  06AD  1D03               	skipz
   425  06AE  2EB1               	goto	u2445
   426  06AF  3064               	movlw	low(064h)
   427  06B0  022A               	subwf	(_Count),w
   428  06B1                     u2445:
   429                           
   430  06B1  1C03               	skipc
   431  06B2  2EB4               	goto	u2441
   432  06B3  2EB5               	goto	u2440
   433  06B4                     u2441:
   434  06B4  2EBB               	goto	l698
   435  06B5                     u2440:
   436                           	line	51
   437                           	
   438  06B5                     l2779:	
   439                           ;7 SEGMENT 0-99 WITH SWITCH.c: 50: {
   440                           ;7 SEGMENT 0-99 WITH SWITCH.c: 51: Count=0;
   441  06B5  1283               	bcf	status, 5	;RP0=0, select bank0
   442  06B6  1303               	bcf	status, 6	;RP1=0, select bank0
   443  06B7  01AA               	clrf	(_Count)
   444  06B8  01AB               	clrf	(_Count+1)
   445  06B9  2EBB               	goto	l698
   446                           	line	52
   447                           	
   448  06BA                     l697:	
   449                           	line	53
   450                           ;7 SEGMENT 0-99 WITH SWITCH.c: 52: }
   451                           ;7 SEGMENT 0-99 WITH SWITCH.c: 53: while(RC2==1);
   452  06BA  2EBB               	goto	l698
   453                           	
   454  06BB                     l699:	
   455                           	
   456  06BB                     l698:	
   457  06BB  1283               	bcf	status, 5	;RP0=0, select bank0
   458  06BC  1303               	bcf	status, 6	;RP1=0, select bank0
   459  06BD  1907               	btfsc	(58/8),(58)&7
   460  06BE  2EC0               	goto	u2451
   461  06BF  2EC1               	goto	u2450
   462  06C0                     u2451:
   463  06C0  2EBB               	goto	l698
   464  06C1                     u2450:
   465  06C1  2EC2               	goto	l695
   466                           	
   467  06C2                     l700:	
   468                           	line	54
   469                           	
   470  06C2                     l695:	
   471                           	line	46
   472  06C2  1283               	bcf	status, 5	;RP0=0, select bank0
   473  06C3  1303               	bcf	status, 6	;RP1=0, select bank0
   474  06C4  1907               	btfsc	(58/8),(58)&7
   475  06C5  2EC7               	goto	u2461
   476  06C6  2EC8               	goto	u2460
   477  06C7                     u2461:
   478  06C7  2EA2               	goto	l2775
   479  06C8                     u2460:
   480  06C8  2EC9               	goto	l2781
   481                           	
   482  06C9                     l701:	
   483                           	line	55
   484                           	
   485  06C9                     l2781:	
   486                           ;7 SEGMENT 0-99 WITH SWITCH.c: 54: }
   487                           ;7 SEGMENT 0-99 WITH SWITCH.c: 55: Segment_Runner();
   488  06C9  120A  118A  26D3   	fcall	_Segment_Runner
              120A  118A         
   489  06CE  2EC2               	goto	l695
   490                           	line	56
   491                           	
   492  06CF                     l702:	
   493                           	line	44
   494  06CF  2EC2               	goto	l695
   495                           	
   496  06D0                     l703:	
   497                           	line	57
   498                           	
   499  06D0                     l704:	
   500                           	global	start
   501  06D0  120A  118A  2800   	ljmp	start
   502                           	opt stack 0
   503                           GLOBAL	__end_of_main
   504  06D3                     	__end_of_main:
   505 ;; =============== function _main ends ============
   506                           
   507                           	signat	_main,88
   508                           	global	_Segment_Runner
   509                           psect	text129,local,class=CODE,delta=2
   510                           global __ptext129
   511  06D3                     __ptext129:
   512                           
   513 ;; *************** function _Segment_Runner *****************
   514 ;; Defined at:
   515 ;;		line 19 in file "E:\02-CODING\05-LYCASOFT CODING\02-CODING\10-7 SEGMENT 0-99 WITH SWITCH       XXX\CODE\7 SEGMENT 0-
       99 WITH SWITCH.c"
   516 ;; Parameters:    Size  Location     Type
   517 ;;		None
   518 ;; Auto vars:     Size  Location     Type
   519 ;;  Temp_Data       2    0        int 
   520 ;;  Disp2_Data      1   12[COMMON] unsigned char 
   521 ;;  Disp1_Data      1   11[COMMON] unsigned char 
   522 ;; Return value:  Size  Location     Type
   523 ;;		None               void
   524 ;; Registers used:
   525 ;;		wreg, fsr0l, fsr0h, status,2, status,0, pclath, cstack
   526 ;; Tracked objects:
   527 ;;		On entry : 0/0
   528 ;;		On exit  : 0/0
   529 ;;		Unchanged: 0/0
   530 ;; Data sizes:     COMMON   BANK0   BANK1   BANK3   BANK2
   531 ;;      Params:         0       0       0       0       0
   532 ;;      Locals:         2       0       0       0       0
   533 ;;      Temps:          2       0       0       0       0
   534 ;;      Totals:         4       0       0       0       0
   535 ;;Total ram usage:        4 bytes
   536 ;; Hardware stack levels used:    1
   537 ;; Hardware stack levels required when called:    1
   538 ;; This function calls:
   539 ;;		___awmod
   540 ;;		___awdiv
   541 ;; This function is called by:
   542 ;;		_main
   543 ;; This function uses a non-reentrant model
   544 ;;
   545                           psect	text129
   546                           	file	"E:\02-CODING\05-LYCASOFT CODING\02-CODING\10-7 SEGMENT 0-99 WITH SWITCH       XXX
                                 \CODE\7 SEGMENT 0-99 WITH SWITCH.c"
   547                           	line	19
   548                           	global	__size_of_Segment_Runner
   549  0053                     	__size_of_Segment_Runner	equ	__end_of_Segment_Runner-_Segment_Runner
   550                           	
   551  06D3                     _Segment_Runner:	
   552                           	opt	stack 6
   553                           ; Regs used in _Segment_Runner: [wreg-fsr0h+status,2+status,0+pclath+cstack]
   554                           	line	23
   555                           	
   556  06D3                     l2751:	
   557                           ;7 SEGMENT 0-99 WITH SWITCH.c: 20: char Disp1_Data,Disp2_Data;
   558                           ;7 SEGMENT 0-99 WITH SWITCH.c: 21: int Temp_Data;
   559                           ;7 SEGMENT 0-99 WITH SWITCH.c: 23: Disp1_Data = Count%10;
   560  06D3  300A               	movlw	low(0Ah)
   561  06D4  00F0               	movwf	(?___awmod)
   562  06D5  3000               	movlw	high(0Ah)
   563  06D6  00F1               	movwf	((?___awmod))+1
   564  06D7  1283               	bcf	status, 5	;RP0=0, select bank0
   565  06D8  1303               	bcf	status, 6	;RP1=0, select bank0
   566  06D9  082B               	movf	(_Count+1),w
   567  06DA  01F3               	clrf	1+(?___awmod)+02h
   568  06DB  07F3               	addwf	1+(?___awmod)+02h
   569  06DC  082A               	movf	(_Count),w
   570  06DD  01F2               	clrf	0+(?___awmod)+02h
   571  06DE  07F2               	addwf	0+(?___awmod)+02h
   572                           
   573  06DF  120A  118A  2726   	fcall	___awmod
              120A  118A         
   574  06E4  0870               	movf	(0+(?___awmod)),w
   575  06E5  00F9               	movwf	(??_Segment_Runner+0)+0
   576  06E6  0879               	movf	(??_Segment_Runner+0)+0,w
   577  06E7  00FB               	movwf	(Segment_Runner@Disp1_Data)
   578                           	line	24
   579                           ;7 SEGMENT 0-99 WITH SWITCH.c: 24: Disp2_Data = Count/10;
   580  06E8  300A               	movlw	low(0Ah)
   581  06E9  00F0               	movwf	(?___awdiv)
   582  06EA  3000               	movlw	high(0Ah)
   583  06EB  00F1               	movwf	((?___awdiv))+1
   584  06EC  1283               	bcf	status, 5	;RP0=0, select bank0
   585  06ED  1303               	bcf	status, 6	;RP1=0, select bank0
   586  06EE  082B               	movf	(_Count+1),w
   587  06EF  01F3               	clrf	1+(?___awdiv)+02h
   588  06F0  07F3               	addwf	1+(?___awdiv)+02h
   589  06F1  082A               	movf	(_Count),w
   590  06F2  01F2               	clrf	0+(?___awdiv)+02h
   591  06F3  07F2               	addwf	0+(?___awdiv)+02h
   592                           
   593  06F4  120A  118A  278C   	fcall	___awdiv
              120A  118A         
   594  06F9  0870               	movf	(0+(?___awdiv)),w
   595  06FA  00F9               	movwf	(??_Segment_Runner+0)+0
   596  06FB  0879               	movf	(??_Segment_Runner+0)+0,w
   597  06FC  00FC               	movwf	(Segment_Runner@Disp2_Data)
   598                           	line	26
   599                           	
   600  06FD                     l2753:	
   601                           ;7 SEGMENT 0-99 WITH SWITCH.c: 26: RC0 = 1;
   602  06FD  1283               	bcf	status, 5	;RP0=0, select bank0
   603  06FE  1303               	bcf	status, 6	;RP1=0, select bank0
   604  06FF  1407               	bsf	(56/8),(56)&7
   605                           	line	27
   606                           	
   607  0700                     l2755:	
   608                           ;7 SEGMENT 0-99 WITH SWITCH.c: 27: PORTB = Data[Disp2_Data];
   609  0700  087C               	movf	(Segment_Runner@Disp2_Data),w
   610  0701  3E20               	addlw	_Data&0ffh
   611  0702  0084               	movwf	fsr0
   612  0703  1383               	bcf	status, 7	;select IRP bank0
   613  0704  0800               	movf	indf,w
   614  0705  0086               	movwf	(6)	;volatile
   615                           	line	28
   616                           	
   617  0706                     l2757:	
   618                           ;7 SEGMENT 0-99 WITH SWITCH.c: 28: _delay((unsigned long)((10)*(20e6/4000.0)));
   619                           	opt asmopt_off
   620  0706  3041               movlw	65
   621  0707  00FA               movwf	((??_Segment_Runner+0)+0+1),f
   622  0708  30EE               	movlw	238
   623  0709  00F9               movwf	((??_Segment_Runner+0)+0),f
   624  070A                     u2477:
   625  070A  0BF9               	decfsz	((??_Segment_Runner+0)+0),f
   626  070B  2F0A               	goto	u2477
   627  070C  0BFA               	decfsz	((??_Segment_Runner+0)+0+1),f
   628  070D  2F0A               	goto	u2477
   629  070E  0064               	clrwdt
   630                           opt asmopt_on
   631                           
   632                           	line	29
   633                           	
   634  070F                     l2759:	
   635                           ;7 SEGMENT 0-99 WITH SWITCH.c: 29: RC0 = 0;
   636  070F  1283               	bcf	status, 5	;RP0=0, select bank0
   637  0710  1303               	bcf	status, 6	;RP1=0, select bank0
   638  0711  1007               	bcf	(56/8),(56)&7
   639                           	line	31
   640                           	
   641  0712                     l2761:	
   642                           ;7 SEGMENT 0-99 WITH SWITCH.c: 31: RC1 = 1;
   643  0712  1487               	bsf	(57/8),(57)&7
   644                           	line	32
   645                           	
   646  0713                     l2763:	
   647                           ;7 SEGMENT 0-99 WITH SWITCH.c: 32: PORTB = Data[Disp1_Data];
   648  0713  087B               	movf	(Segment_Runner@Disp1_Data),w
   649  0714  3E20               	addlw	_Data&0ffh
   650  0715  0084               	movwf	fsr0
   651  0716  1383               	bcf	status, 7	;select IRP bank0
   652  0717  0800               	movf	indf,w
   653  0718  0086               	movwf	(6)	;volatile
   654                           	line	33
   655                           	
   656  0719                     l2765:	
   657                           ;7 SEGMENT 0-99 WITH SWITCH.c: 33: _delay((unsigned long)((10)*(20e6/4000.0)));
   658                           	opt asmopt_off
   659  0719  3041               movlw	65
   660  071A  00FA               movwf	((??_Segment_Runner+0)+0+1),f
   661  071B  30EE               	movlw	238
   662  071C  00F9               movwf	((??_Segment_Runner+0)+0),f
   663  071D                     u2487:
   664  071D  0BF9               	decfsz	((??_Segment_Runner+0)+0),f
   665  071E  2F1D               	goto	u2487
   666  071F  0BFA               	decfsz	((??_Segment_Runner+0)+0+1),f
   667  0720  2F1D               	goto	u2487
   668  0721  0064               	clrwdt
   669                           opt asmopt_on
   670                           
   671                           	line	34
   672                           	
   673  0722                     l2767:	
   674                           ;7 SEGMENT 0-99 WITH SWITCH.c: 34: RC1 = 0;
   675  0722  1283               	bcf	status, 5	;RP0=0, select bank0
   676  0723  1303               	bcf	status, 6	;RP1=0, select bank0
   677  0724  1087               	bcf	(57/8),(57)&7
   678                           	line	35
   679                           	
   680  0725                     l691:	
   681  0725  0008               	return
   682                           	opt stack 0
   683                           GLOBAL	__end_of_Segment_Runner
   684  0726                     	__end_of_Segment_Runner:
   685 ;; =============== function _Segment_Runner ends ============
   686                           
   687                           	signat	_Segment_Runner,88
   688                           	global	___awmod
   689                           psect	text130,local,class=CODE,delta=2
   690                           global __ptext130
   691  0726                     __ptext130:
   692                           
   693 ;; *************** function ___awmod *****************
   694 ;; Defined at:
   695 ;;		line 5 in file "C:\Program Files\HI-TECH Software\PICC\9.83\sources\awmod.c"
   696 ;; Parameters:    Size  Location     Type
   697 ;;  divisor         2    0[COMMON] int 
   698 ;;  dividend        2    2[COMMON] int 
   699 ;; Auto vars:     Size  Location     Type
   700 ;;  sign            1    6[COMMON] unsigned char 
   701 ;;  counter         1    5[COMMON] unsigned char 
   702 ;; Return value:  Size  Location     Type
   703 ;;                  2    0[COMMON] int 
   704 ;; Registers used:
   705 ;;		wreg, status,2, status,0
   706 ;; Tracked objects:
   707 ;;		On entry : 0/0
   708 ;;		On exit  : 0/0
   709 ;;		Unchanged: 0/0
   710 ;; Data sizes:     COMMON   BANK0   BANK1   BANK3   BANK2
   711 ;;      Params:         4       0       0       0       0
   712 ;;      Locals:         2       0       0       0       0
   713 ;;      Temps:          1       0       0       0       0
   714 ;;      Totals:         7       0       0       0       0
   715 ;;Total ram usage:        7 bytes
   716 ;; Hardware stack levels used:    1
   717 ;; This function calls:
   718 ;;		Nothing
   719 ;; This function is called by:
   720 ;;		_Segment_Runner
   721 ;; This function uses a non-reentrant model
   722 ;;
   723                           psect	text130
   724                           	file	"C:\Program Files\HI-TECH Software\PICC\9.83\sources\awmod.c"
   725                           	line	5
   726                           	global	__size_of___awmod
   727  0066                     	__size_of___awmod	equ	__end_of___awmod-___awmod
   728                           	
   729  0726                     ___awmod:	
   730                           	opt	stack 6
   731                           ; Regs used in ___awmod: [wreg+status,2+status,0]
   732                           	line	8
   733                           	
   734  0726                     l2717:	
   735  0726  01F6               	clrf	(___awmod@sign)
   736                           	line	9
   737  0727  1FF3               	btfss	(___awmod@dividend+1),7
   738  0728  2F2A               	goto	u2351
   739  0729  2F2B               	goto	u2350
   740  072A                     u2351:
   741  072A  2F34               	goto	l2721
   742  072B                     u2350:
   743                           	line	10
   744                           	
   745  072B                     l2719:	
   746  072B  09F2               	comf	(___awmod@dividend),f
   747  072C  09F3               	comf	(___awmod@dividend+1),f
   748  072D  0AF2               	incf	(___awmod@dividend),f
   749  072E  1903               	skipnz
   750  072F  0AF3               	incf	(___awmod@dividend+1),f
   751                           	line	11
   752  0730  01F6               	clrf	(___awmod@sign)
   753  0731  1403               	bsf	status,0
   754  0732  0DF6               	rlf	(___awmod@sign),f
   755  0733  2F34               	goto	l2721
   756                           	line	12
   757                           	
   758  0734                     l1595:	
   759                           	line	13
   760                           	
   761  0734                     l2721:	
   762  0734  1FF1               	btfss	(___awmod@divisor+1),7
   763  0735  2F37               	goto	u2361
   764  0736  2F38               	goto	u2360
   765  0737                     u2361:
   766  0737  2F3E               	goto	l2725
   767  0738                     u2360:
   768                           	line	14
   769                           	
   770  0738                     l2723:	
   771  0738  09F0               	comf	(___awmod@divisor),f
   772  0739  09F1               	comf	(___awmod@divisor+1),f
   773  073A  0AF0               	incf	(___awmod@divisor),f
   774  073B  1903               	skipnz
   775  073C  0AF1               	incf	(___awmod@divisor+1),f
   776  073D  2F3E               	goto	l2725
   777                           	
   778  073E                     l1596:	
   779                           	line	15
   780                           	
   781  073E                     l2725:	
   782  073E  0871               	movf	(___awmod@divisor+1),w
   783  073F  0470               	iorwf	(___awmod@divisor),w
   784  0740  1903               	skipnz
   785  0741  2F43               	goto	u2371
   786  0742  2F44               	goto	u2370
   787  0743                     u2371:
   788  0743  2F7A               	goto	l2743
   789  0744                     u2370:
   790                           	line	16
   791                           	
   792  0744                     l2727:	
   793  0744  01F5               	clrf	(___awmod@counter)
   794  0745  1403               	bsf	status,0
   795  0746  0DF5               	rlf	(___awmod@counter),f
   796                           	line	17
   797  0747  2F54               	goto	l2733
   798                           	
   799  0748                     l1599:	
   800                           	line	18
   801                           	
   802  0748                     l2729:	
   803  0748  3001               	movlw	01h
   804                           	
   805  0749                     u2385:
   806  0749  1003               	clrc
   807  074A  0DF0               	rlf	(___awmod@divisor),f
   808  074B  0DF1               	rlf	(___awmod@divisor+1),f
   809  074C  3EFF               	addlw	-1
   810  074D  1D03               	skipz
   811  074E  2F49               	goto	u2385
   812                           	line	19
   813                           	
   814  074F                     l2731:	
   815  074F  3001               	movlw	(01h)
   816  0750  00F4               	movwf	(??___awmod+0)+0
   817  0751  0874               	movf	(??___awmod+0)+0,w
   818  0752  07F5               	addwf	(___awmod@counter),f
   819  0753  2F54               	goto	l2733
   820                           	line	20
   821                           	
   822  0754                     l1598:	
   823                           	line	17
   824                           	
   825  0754                     l2733:	
   826  0754  1FF1               	btfss	(___awmod@divisor+1),(15)&7
   827  0755  2F57               	goto	u2391
   828  0756  2F58               	goto	u2390
   829  0757                     u2391:
   830  0757  2F48               	goto	l2729
   831  0758                     u2390:
   832  0758  2F5A               	goto	l2735
   833                           	
   834  0759                     l1600:	
   835  0759  2F5A               	goto	l2735
   836                           	line	21
   837                           	
   838  075A                     l1601:	
   839                           	line	22
   840                           	
   841  075A                     l2735:	
   842  075A  0871               	movf	(___awmod@divisor+1),w
   843  075B  0273               	subwf	(___awmod@dividend+1),w
   844  075C  1D03               	skipz
   845  075D  2F60               	goto	u2405
   846  075E  0870               	movf	(___awmod@divisor),w
   847  075F  0272               	subwf	(___awmod@dividend),w
   848  0760                     u2405:
   849  0760  1C03               	skipc
   850  0761  2F63               	goto	u2401
   851  0762  2F64               	goto	u2400
   852  0763                     u2401:
   853  0763  2F6B               	goto	l2739
   854  0764                     u2400:
   855                           	line	23
   856                           	
   857  0764                     l2737:	
   858  0764  0870               	movf	(___awmod@divisor),w
   859  0765  02F2               	subwf	(___awmod@dividend),f
   860  0766  0871               	movf	(___awmod@divisor+1),w
   861  0767  1C03               	skipc
   862  0768  03F3               	decf	(___awmod@dividend+1),f
   863  0769  02F3               	subwf	(___awmod@dividend+1),f
   864  076A  2F6B               	goto	l2739
   865                           	
   866  076B                     l1602:	
   867                           	line	24
   868                           	
   869  076B                     l2739:	
   870  076B  3001               	movlw	01h
   871                           	
   872  076C                     u2415:
   873  076C  1003               	clrc
   874  076D  0CF1               	rrf	(___awmod@divisor+1),f
   875  076E  0CF0               	rrf	(___awmod@divisor),f
   876  076F  3EFF               	addlw	-1
   877  0770  1D03               	skipz
   878  0771  2F6C               	goto	u2415
   879                           	line	25
   880                           	
   881  0772                     l2741:	
   882  0772  3001               	movlw	low(01h)
   883  0773  02F5               	subwf	(___awmod@counter),f
   884  0774  1D03               	btfss	status,2
   885  0775  2F77               	goto	u2421
   886  0776  2F78               	goto	u2420
   887  0777                     u2421:
   888  0777  2F5A               	goto	l2735
   889  0778                     u2420:
   890  0778  2F7A               	goto	l2743
   891                           	
   892  0779                     l1603:	
   893  0779  2F7A               	goto	l2743
   894                           	line	26
   895                           	
   896  077A                     l1597:	
   897                           	line	27
   898                           	
   899  077A                     l2743:	
   900  077A  0876               	movf	(___awmod@sign),w
   901  077B  1D03               	skipz
   902  077C  2F7E               	goto	u2430
   903  077D  2F84               	goto	l2747
   904  077E                     u2430:
   905                           	line	28
   906                           	
   907  077E                     l2745:	
   908  077E  09F2               	comf	(___awmod@dividend),f
   909  077F  09F3               	comf	(___awmod@dividend+1),f
   910  0780  0AF2               	incf	(___awmod@dividend),f
   911  0781  1903               	skipnz
   912  0782  0AF3               	incf	(___awmod@dividend+1),f
   913  0783  2F84               	goto	l2747
   914                           	
   915  0784                     l1604:	
   916                           	line	29
   917                           	
   918  0784                     l2747:	
   919  0784  0873               	movf	(___awmod@dividend+1),w
   920  0785  01F1               	clrf	(?___awmod+1)
   921  0786  07F1               	addwf	(?___awmod+1)
   922  0787  0872               	movf	(___awmod@dividend),w
   923  0788  01F0               	clrf	(?___awmod)
   924  0789  07F0               	addwf	(?___awmod)
   925                           
   926  078A  2F8B               	goto	l1605
   927                           	
   928  078B                     l2749:	
   929                           	line	30
   930                           	
   931  078B                     l1605:	
   932  078B  0008               	return
   933                           	opt stack 0
   934                           GLOBAL	__end_of___awmod
   935  078C                     	__end_of___awmod:
   936 ;; =============== function ___awmod ends ============
   937                           
   938                           	signat	___awmod,8314
   939                           	global	___awdiv
   940                           psect	text131,local,class=CODE,delta=2
   941                           global __ptext131
   942  078C                     __ptext131:
   943                           
   944 ;; *************** function ___awdiv *****************
   945 ;; Defined at:
   946 ;;		line 5 in file "C:\Program Files\HI-TECH Software\PICC\9.83\sources\awdiv.c"
   947 ;; Parameters:    Size  Location     Type
   948 ;;  divisor         2    0[COMMON] int 
   949 ;;  dividend        2    2[COMMON] int 
   950 ;; Auto vars:     Size  Location     Type
   951 ;;  quotient        2    7[COMMON] int 
   952 ;;  sign            1    6[COMMON] unsigned char 
   953 ;;  counter         1    5[COMMON] unsigned char 
   954 ;; Return value:  Size  Location     Type
   955 ;;                  2    0[COMMON] int 
   956 ;; Registers used:
   957 ;;		wreg, status,2, status,0
   958 ;; Tracked objects:
   959 ;;		On entry : 0/0
   960 ;;		On exit  : 0/0
   961 ;;		Unchanged: 0/0
   962 ;; Data sizes:     COMMON   BANK0   BANK1   BANK3   BANK2
   963 ;;      Params:         4       0       0       0       0
   964 ;;      Locals:         4       0       0       0       0
   965 ;;      Temps:          1       0       0       0       0
   966 ;;      Totals:         9       0       0       0       0
   967 ;;Total ram usage:        9 bytes
   968 ;; Hardware stack levels used:    1
   969 ;; This function calls:
   970 ;;		Nothing
   971 ;; This function is called by:
   972 ;;		_Segment_Runner
   973 ;; This function uses a non-reentrant model
   974 ;;
   975                           psect	text131
   976                           	file	"C:\Program Files\HI-TECH Software\PICC\9.83\sources\awdiv.c"
   977                           	line	5
   978                           	global	__size_of___awdiv
   979  0074                     	__size_of___awdiv	equ	__end_of___awdiv-___awdiv
   980                           	
   981  078C                     ___awdiv:	
   982                           	opt	stack 6
   983                           ; Regs used in ___awdiv: [wreg+status,2+status,0]
   984                           	line	9
   985                           	
   986  078C                     l2677:	
   987  078C  01F6               	clrf	(___awdiv@sign)
   988                           	line	10
   989  078D  1FF1               	btfss	(___awdiv@divisor+1),7
   990  078E  2F90               	goto	u2251
   991  078F  2F91               	goto	u2250
   992  0790                     u2251:
   993  0790  2F9A               	goto	l2681
   994  0791                     u2250:
   995                           	line	11
   996                           	
   997  0791                     l2679:	
   998  0791  09F0               	comf	(___awdiv@divisor),f
   999  0792  09F1               	comf	(___awdiv@divisor+1),f
  1000  0793  0AF0               	incf	(___awdiv@divisor),f
  1001  0794  1903               	skipnz
  1002  0795  0AF1               	incf	(___awdiv@divisor+1),f
  1003                           	line	12
  1004  0796  01F6               	clrf	(___awdiv@sign)
  1005  0797  1403               	bsf	status,0
  1006  0798  0DF6               	rlf	(___awdiv@sign),f
  1007  0799  2F9A               	goto	l2681
  1008                           	line	13
  1009                           	
  1010  079A                     l1527:	
  1011                           	line	14
  1012                           	
  1013  079A                     l2681:	
  1014  079A  1FF3               	btfss	(___awdiv@dividend+1),7
  1015  079B  2F9D               	goto	u2261
  1016  079C  2F9E               	goto	u2260
  1017  079D                     u2261:
  1018  079D  2FA8               	goto	l2687
  1019  079E                     u2260:
  1020                           	line	15
  1021                           	
  1022  079E                     l2683:	
  1023  079E  09F2               	comf	(___awdiv@dividend),f
  1024  079F  09F3               	comf	(___awdiv@dividend+1),f
  1025  07A0  0AF2               	incf	(___awdiv@dividend),f
  1026  07A1  1903               	skipnz
  1027  07A2  0AF3               	incf	(___awdiv@dividend+1),f
  1028                           	line	16
  1029                           	
  1030  07A3                     l2685:	
  1031  07A3  3001               	movlw	(01h)
  1032  07A4  00F4               	movwf	(??___awdiv+0)+0
  1033  07A5  0874               	movf	(??___awdiv+0)+0,w
  1034  07A6  06F6               	xorwf	(___awdiv@sign),f
  1035  07A7  2FA8               	goto	l2687
  1036                           	line	17
  1037                           	
  1038  07A8                     l1528:	
  1039                           	line	18
  1040                           	
  1041  07A8                     l2687:	
  1042  07A8  01F7               	clrf	(___awdiv@quotient)
  1043  07A9  01F8               	clrf	(___awdiv@quotient+1)
  1044                           	line	19
  1045                           	
  1046  07AA                     l2689:	
  1047  07AA  0871               	movf	(___awdiv@divisor+1),w
  1048  07AB  0470               	iorwf	(___awdiv@divisor),w
  1049  07AC  1903               	skipnz
  1050  07AD  2FAF               	goto	u2271
  1051  07AE  2FB0               	goto	u2270
  1052  07AF                     u2271:
  1053  07AF  2FEE               	goto	l2709
  1054  07B0                     u2270:
  1055                           	line	20
  1056                           	
  1057  07B0                     l2691:	
  1058  07B0  01F5               	clrf	(___awdiv@counter)
  1059  07B1  1403               	bsf	status,0
  1060  07B2  0DF5               	rlf	(___awdiv@counter),f
  1061                           	line	21
  1062  07B3  2FC0               	goto	l2697
  1063                           	
  1064  07B4                     l1531:	
  1065                           	line	22
  1066                           	
  1067  07B4                     l2693:	
  1068  07B4  3001               	movlw	01h
  1069                           	
  1070  07B5                     u2285:
  1071  07B5  1003               	clrc
  1072  07B6  0DF0               	rlf	(___awdiv@divisor),f
  1073  07B7  0DF1               	rlf	(___awdiv@divisor+1),f
  1074  07B8  3EFF               	addlw	-1
  1075  07B9  1D03               	skipz
  1076  07BA  2FB5               	goto	u2285
  1077                           	line	23
  1078                           	
  1079  07BB                     l2695:	
  1080  07BB  3001               	movlw	(01h)
  1081  07BC  00F4               	movwf	(??___awdiv+0)+0
  1082  07BD  0874               	movf	(??___awdiv+0)+0,w
  1083  07BE  07F5               	addwf	(___awdiv@counter),f
  1084  07BF  2FC0               	goto	l2697
  1085                           	line	24
  1086                           	
  1087  07C0                     l1530:	
  1088                           	line	21
  1089                           	
  1090  07C0                     l2697:	
  1091  07C0  1FF1               	btfss	(___awdiv@divisor+1),(15)&7
  1092  07C1  2FC3               	goto	u2291
  1093  07C2  2FC4               	goto	u2290
  1094  07C3                     u2291:
  1095  07C3  2FB4               	goto	l2693
  1096  07C4                     u2290:
  1097  07C4  2FC6               	goto	l2699
  1098                           	
  1099  07C5                     l1532:	
  1100  07C5  2FC6               	goto	l2699
  1101                           	line	25
  1102                           	
  1103  07C6                     l1533:	
  1104                           	line	26
  1105                           	
  1106  07C6                     l2699:	
  1107  07C6  3001               	movlw	01h
  1108                           	
  1109  07C7                     u2305:
  1110  07C7  1003               	clrc
  1111  07C8  0DF7               	rlf	(___awdiv@quotient),f
  1112  07C9  0DF8               	rlf	(___awdiv@quotient+1),f
  1113  07CA  3EFF               	addlw	-1
  1114  07CB  1D03               	skipz
  1115  07CC  2FC7               	goto	u2305
  1116                           	line	27
  1117  07CD  0871               	movf	(___awdiv@divisor+1),w
  1118  07CE  0273               	subwf	(___awdiv@dividend+1),w
  1119  07CF  1D03               	skipz
  1120  07D0  2FD3               	goto	u2315
  1121  07D1  0870               	movf	(___awdiv@divisor),w
  1122  07D2  0272               	subwf	(___awdiv@dividend),w
  1123  07D3                     u2315:
  1124  07D3  1C03               	skipc
  1125  07D4  2FD6               	goto	u2311
  1126  07D5  2FD7               	goto	u2310
  1127  07D6                     u2311:
  1128  07D6  2FDF               	goto	l2705
  1129  07D7                     u2310:
  1130                           	line	28
  1131                           	
  1132  07D7                     l2701:	
  1133  07D7  0870               	movf	(___awdiv@divisor),w
  1134  07D8  02F2               	subwf	(___awdiv@dividend),f
  1135  07D9  0871               	movf	(___awdiv@divisor+1),w
  1136  07DA  1C03               	skipc
  1137  07DB  03F3               	decf	(___awdiv@dividend+1),f
  1138  07DC  02F3               	subwf	(___awdiv@dividend+1),f
  1139                           	line	29
  1140                           	
  1141  07DD                     l2703:	
  1142  07DD  1477               	bsf	(___awdiv@quotient)+(0/8),(0)&7
  1143  07DE  2FDF               	goto	l2705
  1144                           	line	30
  1145                           	
  1146  07DF                     l1534:	
  1147                           	line	31
  1148                           	
  1149  07DF                     l2705:	
  1150  07DF  3001               	movlw	01h
  1151                           	
  1152  07E0                     u2325:
  1153  07E0  1003               	clrc
  1154  07E1  0CF1               	rrf	(___awdiv@divisor+1),f
  1155  07E2  0CF0               	rrf	(___awdiv@divisor),f
  1156  07E3  3EFF               	addlw	-1
  1157  07E4  1D03               	skipz
  1158  07E5  2FE0               	goto	u2325
  1159                           	line	32
  1160                           	
  1161  07E6                     l2707:	
  1162  07E6  3001               	movlw	low(01h)
  1163  07E7  02F5               	subwf	(___awdiv@counter),f
  1164  07E8  1D03               	btfss	status,2
  1165  07E9  2FEB               	goto	u2331
  1166  07EA  2FEC               	goto	u2330
  1167  07EB                     u2331:
  1168  07EB  2FC6               	goto	l2699
  1169  07EC                     u2330:
  1170  07EC  2FEE               	goto	l2709
  1171                           	
  1172  07ED                     l1535:	
  1173  07ED  2FEE               	goto	l2709
  1174                           	line	33
  1175                           	
  1176  07EE                     l1529:	
  1177                           	line	34
  1178                           	
  1179  07EE                     l2709:	
  1180  07EE  0876               	movf	(___awdiv@sign),w
  1181  07EF  1D03               	skipz
  1182  07F0  2FF2               	goto	u2340
  1183  07F1  2FF8               	goto	l2713
  1184  07F2                     u2340:
  1185                           	line	35
  1186                           	
  1187  07F2                     l2711:	
  1188  07F2  09F7               	comf	(___awdiv@quotient),f
  1189  07F3  09F8               	comf	(___awdiv@quotient+1),f
  1190  07F4  0AF7               	incf	(___awdiv@quotient),f
  1191  07F5  1903               	skipnz
  1192  07F6  0AF8               	incf	(___awdiv@quotient+1),f
  1193  07F7  2FF8               	goto	l2713
  1194                           	
  1195  07F8                     l1536:	
  1196                           	line	36
  1197                           	
  1198  07F8                     l2713:	
  1199  07F8  0878               	movf	(___awdiv@quotient+1),w
  1200  07F9  01F1               	clrf	(?___awdiv+1)
  1201  07FA  07F1               	addwf	(?___awdiv+1)
  1202  07FB  0877               	movf	(___awdiv@quotient),w
  1203  07FC  01F0               	clrf	(?___awdiv)
  1204  07FD  07F0               	addwf	(?___awdiv)
  1205                           
  1206  07FE  2FFF               	goto	l1537
  1207                           	
  1208  07FF                     l2715:	
  1209                           	line	37
  1210                           	
  1211  07FF                     l1537:	
  1212  07FF  0008               	return
  1213                           	opt stack 0
  1214                           GLOBAL	__end_of___awdiv
  1215  0800                     	__end_of___awdiv:
  1216 ;; =============== function ___awdiv ends ============
  1217                           
  1218                           	signat	___awdiv,8314
  1219                           psect	text132,local,class=CODE,delta=2
  1220                           global __ptext132
  1221  0000                     __ptext132:
  1222                           	global	btemp
  1223  007E                     	btemp set 07Eh
  1224                           
  1225                           	DABS	1,126,2	;btemp
  1226                           	global	wtemp0
  1227  007E                     	wtemp0 set btemp


HI-TECH Software PICC Macro Assembler V9.83 build 10920 
Symbol Table                                                                                   Wed Oct 24 23:45:46 2018

                       pc 0002                        _RD 0C60                        _WR 0C61  
            ___awdiv@sign 0076                        fsr 0004                       l700 06C2  
                     l701 06C9                       l702 06CF                       l703 06D0  
                     l704 06D0                       l691 0725                       l694 06A1  
                     l695 06C2                       l696 06A2                       l697 06BA  
                     l698 06BB                       l699 06BB                       _GIE 005F  
                     _RC0 0038                       _RC1 0039                       _RC2 003A  
                     fsr0 0004                       indf 0000              ___awmod@sign 0076  
         ?_Segment_Runner 0070                      l1600 0759                      l1601 075A  
                    l1530 07C0                      l1602 076B                      l1531 07B4  
                    l1603 0779                      l1532 07C5                      l1604 0784  
                    l1533 07C6                      l1605 078B                      l1534 07DF  
                    l1535 07ED                      l1527 079A                      l1536 07F8  
                    l1528 07A8                      l1537 07FF                      l1529 07EE  
                    l2701 07D7                      l2711 07F2                      l2703 07DD  
                    l2713 07F8                      l2705 07DF                      l2721 0734  
                    l2715 07FF                      l2707 07E6                      l2731 074F  
                    l2723 0738                      l1595 0734                      l1596 073E  
                    l2709 07EE                      l1597 077A                      l2741 0772  
                    l2733 0754                      l2725 073E                      l2717 0726  
                    l1598 0754                      l2735 075A                      l1599 0748  
                    l2727 0744                      l2743 077A                      l2719 072B  
                    l2751 06D3                      l2681 079A                      l2745 077E  
                    l2737 0764                      l2729 0748                      l2761 0712  
                    l2753 06FD                      l2691 07B0                      l2683 079E  
                    l2747 0784                      l2739 076B                      l2763 0713  
                    l2755 0700                      l2771 0699                      l2693 07B4  
                    l2685 07A3                      l2677 078C                      l2749 078B  
                    l2765 0719                      l2757 0706                      l2781 06C9  
                    l2773 069D                      l2695 07BB                      l2687 07A8  
                    l2679 0791                      l2767 0722                      l2759 070F  
                    l2775 06A2                      l2697 07C0                      l2689 07AA  
                    l2777 06A8                      l2769 0693                      l2699 07C6  
                    l2779 06B5                      u2310 07D7                      u2311 07D6  
                    u2400 0764                      u2305 07C7                      u2401 0763  
                    u2330 07EC                      u2250 0791                      u2331 07EB  
                    u2315 07D3                      u2251 0790                      u2340 07F2  
                    u2260 079E                      u2420 0778                      u2325 07E0  
                    u2261 079D                      u2421 0777                      u2405 0760  
                    u2270 07B0                      u2430 077E                      u2350 072B  
                    u2271 07AF                      u2415 076C                      u2351 072A  
                    u2360 0738                      u2440 06B5                      u2361 0737  
                    u2441 06B4                      u2290 07C4                      u2370 0744  
                    u2450 06C1                      u2291 07C3                      u2371 0743  
                    u2451 06C0                      u2460 06C8                      u2285 07B5  
                    u2461 06C7                      u2445 06B1                      u2390 0758  
                    u2391 0757                      u2385 0749                      u2477 070A  
                    u2487 071D                      _WREN 0C62                      _Data 0020  
                    _main 0693                      btemp 007E                      start 0000  
                   ?_main 0070           __end_of___awdiv 0800                     _EEADR 010D  
         __end_of___awmod 078C                     _CARRY 0018           ___awdiv@divisor 0070  
         ___awdiv@counter 0075                     _PORTB 0006                     _PORTC 0007  
                   _TRISB 0086                     _TRISC 0087                     _Count 002A  
                   pclath 000A                     status 0003                     wtemp0 007E  
            __end_of_main 06D3  Segment_Runner@Disp1_Data 007B  Segment_Runner@Disp2_Data 007C  
                  ??_main 007D                    _EEDATA 010C                    _EECON1 018C  
                  _EECON2 018D          ___awdiv@dividend 0072                 ??___awdiv 0074  
               ??___awmod 0074          ___awdiv@quotient 0077           ___awmod@divisor 0070  
         ___awmod@counter 0075            __pcstackCOMMON 0070              __pidataBANK0 0662  
        ??_Segment_Runner 0079                __pbssBANK0 002A                __pmaintext 0693  
                 ___awdiv 078C                   ___awmod 0726          ___awmod@dividend 0072  
    end_of_initialization 068F                   init_ram 0670       start_initialization 067F  
             __pdataBANK0 0020                  ?___awdiv 0070                 __ptext130 0726  
               __ptext131 078C                 __ptext132 0000                 __ptext129 06D3  
                ?___awmod 0070   __size_of_Segment_Runner 0053                 init_fetch 066C  
        __size_of___awdiv 0074          __size_of___awmod 0066             __size_of_main 0040  
          _Segment_Runner 06D3    __end_of_Segment_Runner 0726  
